<?xml version="1.0" encoding="UTF-8"?>
<!-- Generated by org.testng.reporters.JUnitXMLReporter -->
<testsuite ignored="0" hostname="AMIT_PC" failures="4" tests="28" name="Test" time="97.799" errors="0" timestamp="2025-04-11T22:55:50 IST">
  <testcase classname="tests.user.PutTests" name="PutUserTestMethod1" time="8.043"/>
  <testcase classname="tests.user.PutTests" name="PutUserTestMethod2" time="6.429"/>
  <testcase classname="tests.user.PutTests" name="PutUserTestMethod3" time="8.319"/>
  <testcase classname="tests.user.PutTests" name="PutUserTestMethod4" time="2.496"/>
  <testcase classname="tests.user.PutTests" name="PutUserTestMethod5" time="3.23"/>
  <testcase classname="tests.user.PutTests" name="PutUserTestMethod6" time="5.241"/>
  <testcase classname="tests.user.PutTests" name="PutUserTestMethod7" time="2.711"/>
  <testcase classname="tests.user.GetTests" name="GetUserTestMethod1" time="2.467"/>
  <testcase classname="tests.user.GetTests" name="GetUserTestMethod2" time="2.693">
    <failure type="java.lang.AssertionError" message="
Expected: is &amp;lt;200&amp;gt;
     but: was &amp;lt;404&amp;gt;">
      <![CDATA[java.lang.AssertionError: 
Expected: is <200>
     but: was <404>
at org.hamcrest.MatcherAssert.assertThat(MatcherAssert.java:20)
at org.hamcrest.MatcherAssert.assertThat(MatcherAssert.java:6)
at tests.user.GetTests.GetUserTestMethod2(GetTests.java:67)
at java.base/java.util.ArrayList.forEach(ArrayList.java:1597)
... Removed 25 stack frames]]>
    </failure>
  </testcase> <!-- GetUserTestMethod2 -->
  <testcase classname="tests.user.GetTests" name="GetUserTestMethod3" time="2.524"/>
  <testcase classname="tests.user.GetTests" name="GetUserTestMethod4" time="3.148"/>
  <testcase classname="tests.user.GetTests" name="GetUserTestMethod5" time="2.877"/>
  <testcase classname="tests.user.GetTests" name="GetUserTestMethod6" time="3.644"/>
  <testcase classname="tests.user.GetTests" name="GetUserTestMethod7" time="3.07"/>
  <testcase classname="tests.user.PostTests" name="PostUserTestMethod1" time="2.341"/>
  <testcase classname="tests.user.PostTests" name="PostUserTestMethod2" time="1.377"/>
  <testcase classname="tests.user.PostTests" name="PostUserTestMethod3" time="1.863"/>
  <testcase classname="tests.user.PostTests" name="PostUserTestMethod4" time="2.007"/>
  <testcase classname="tests.user.PostTests" name="PostUserTestMethod5" time="1.47">
    <failure type="java.lang.IllegalArgumentException" message="Schema to use cannot be null">
      <![CDATA[java.lang.IllegalArgumentException: Schema to use cannot be null
at io.restassured.module.jsv.JsonSchemaValidator.validateSchemaIsNotNull(JsonSchemaValidator.java:270)
at io.restassured.module.jsv.JsonSchemaValidator.access$300(JsonSchemaValidator.java:75)
at io.restassured.module.jsv.JsonSchemaValidator$JsonSchemaValidatorFactory.create(JsonSchemaValidator.java:281)
at io.restassured.module.jsv.JsonSchemaValidator.matchesJsonSchema(JsonSchemaValidator.java:166)
at io.restassured.module.jsv.JsonSchemaValidator.matchesJsonSchemaInClasspath(JsonSchemaValidator.java:117)
at tests.user.PostTests.PostUserTestMethod5(PostTests.java:107)
at java.base/java.util.ArrayList.forEach(ArrayList.java:1597)
... Removed 25 stack frames]]>
    </failure>
  </testcase> <!-- PostUserTestMethod5 -->
  <testcase classname="tests.user.PostTests" name="PostUserTestMethod6" time="1.731"/>
  <testcase classname="tests.user.PostTests" name="PostUserTestMethod7" time="1.301"/>
  <testcase classname="tests.user.DeleteTests" name="DeleteUserTestMethod1" time="5.376">
    <failure type="java.lang.AssertionError" message="Assertion 1">
      <![CDATA[java.lang.AssertionError: Assertion 1
at org.hamcrest.MatcherAssert.assertThat(MatcherAssert.java:26)
at tests.user.DeleteTests.DeleteUserTestMethod1(DeleteTests.java:56)
at java.base/java.util.ArrayList.forEach(ArrayList.java:1597)
... Removed 25 stack frames]]>
    </failure>
  </testcase> <!-- DeleteUserTestMethod1 -->
  <testcase classname="tests.user.DeleteTests" name="DeleteUserTestMethod2" time="4.421"/>
  <testcase classname="tests.user.DeleteTests" name="DeleteUserTestMethod3" time="3.027"/>
  <testcase classname="tests.user.DeleteTests" name="DeleteUserTestMethod4" time="2.649"/>
  <testcase classname="tests.user.DeleteTests" name="DeleteUserTestMethod5" time="3.197">
    <failure type="io.restassured.path.json.exception.JsonPathException" message="Failed to parse the JSON document">
      <![CDATA[io.restassured.path.json.exception.JsonPathException: Failed to parse the JSON document
at io.restassured.path.json.JsonPath$ExceptionCatcher.invoke(JsonPath.java:1002)
at io.restassured.path.json.JsonPath$4.doParseWith(JsonPath.java:967)
at io.restassured.path.json.JsonPath$JsonParser.parseWith(JsonPath.java:1047)
at io.restassured.path.json.JsonPath.toJsonString(JsonPath.java:1064)
at io.restassured.path.json.JsonPath.prettify(JsonPath.java:685)
at io.restassured.path.json.JsonPath.prettyPrint(JsonPath.java:700)
at tests.user.DeleteTests.DeleteUserTestMethod5(DeleteTests.java:105)
at java.base/java.util.ArrayList.forEach(ArrayList.java:1597)
Caused by: java.lang.IllegalArgumentException: The JSON input text should neither be null nor empty.
at org.codehaus.groovy.runtime.callsite.ConstructorSite$ConstructorSiteNoUnwrapNoCoerce.callConstructor(ConstructorSite.java:108)
at org.codehaus.groovy.runtime.callsite.CallSiteArray.defaultCallConstructor(CallSiteArray.java:57)
at org.codehaus.groovy.runtime.callsite.AbstractCallSite.callConstructor(AbstractCallSite.java:263)
at org.codehaus.groovy.runtime.callsite.AbstractCallSite.callConstructor(AbstractCallSite.java:277)
at io.restassured.internal.path.json.ConfigurableJsonSlurper.parseText(ConfigurableJsonSlurper.groovy:80)
at io.restassured.path.json.JsonPath$4$1.method(JsonPath.java:965)
at io.restassured.path.json.JsonPath$ExceptionCatcher.invoke(JsonPath.java:1000)
... 32 more
... Removed 29 stack frames]]>
    </failure>
  </testcase> <!-- DeleteUserTestMethod5 -->
  <testcase classname="tests.user.DeleteTests" name="DeleteUserTestMethod6" time="4.38"/>
  <testcase classname="tests.user.DeleteTests" name="DeleteUserTestMethod7" time="4.449"/>
</testsuite> <!-- Test -->
