<!DOCTYPE html PUBLIC "-//W3C//DTD XHTML 1.1//EN" "https://www.w3.org/TR/xhtml11/DTD/xhtml11.dtd">
<html xmlns="https://www.w3.org/1999/xhtml">
<head>
<meta http-equiv="content-type" content="text/html; charset=UTF-8"/>
<title>TestNG Report</title>
<style type="text/css">table {margin-bottom:10px;border-collapse:collapse;empty-cells:show}th,td {border:1px solid #009;padding:.25em .5em}th {vertical-align:bottom}td {vertical-align:top}table a {font-weight:bold}.stripe td {background-color: #E6EBF9}.num {text-align:right}.passedodd td {background-color: #3F3}.passedeven td {background-color: #0A0}.skippedodd td {background-color: #DDD}.skippedeven td {background-color: #CCC}.failedodd td,.attn {background-color: #F33}.failedeven td,.stripe .attn {background-color: #D00}.stacktrace {white-space:pre;font-family:monospace}.totop {font-size:85%;text-align:center;border-bottom:2px solid #000}.invisible {display:none}</style>
</head>
<body>
<table>
<tr><th>Test</th><th># Passed</th><th># Skipped</th><th># Retried</th><th># Failed</th><th>Time (ms)</th><th>Included Groups</th><th>Excluded Groups</th></tr>
<tr><th colspan="8">Suite</th></tr>
<tr><td><a href="#t0">Test</a></td><td class="num">24</td><td class="num">0</td><td class="num">0</td><td class="num attn">4</td><td class="num">97,799</td><td></td><td></td></tr>
</table>
<table id='summary'><thead><tr><th>Class</th><th>Method</th><th>Start</th><th>Time (ms)</th></tr></thead><tbody><tr><th colspan="4">Suite</th></tr></tbody><tbody id="t0"><tr><th colspan="4">Test &#8212; failed</th></tr><tr class="failedeven"><td rowspan="2">tests.user.DeleteTests</td><td><a href="#m0">DeleteUserTestMethod1</a></td><td rowspan="1">1744392322242</td><td rowspan="1">5376</td></tr><tr class="failedeven"><td><a href="#m1">DeleteUserTestMethod5</a></td><td rowspan="1">1744392337736</td><td rowspan="1">3197</td></tr><tr class="failedodd"><td rowspan="1">tests.user.GetTests</td><td><a href="#m2">GetUserTestMethod2</a></td><td rowspan="1">1744392292115</td><td rowspan="1">2693</td></tr><tr class="failedeven"><td rowspan="1">tests.user.PostTests</td><td><a href="#m3">PostUserTestMethod5</a></td><td rowspan="1">1744392317719</td><td rowspan="1">1470</td></tr><tr><th colspan="4">Test &#8212; passed</th></tr><tr class="passedeven"><td rowspan="5">tests.user.DeleteTests</td><td><a href="#m4">DeleteUserTestMethod2</a></td><td rowspan="1">1744392327624</td><td rowspan="1">4421</td></tr><tr class="passedeven"><td><a href="#m5">DeleteUserTestMethod3</a></td><td rowspan="1">1744392332050</td><td rowspan="1">3027</td></tr><tr class="passedeven"><td><a href="#m6">DeleteUserTestMethod4</a></td><td rowspan="1">1744392335081</td><td rowspan="1">2649</td></tr><tr class="passedeven"><td><a href="#m7">DeleteUserTestMethod6</a></td><td rowspan="1">1744392340940</td><td rowspan="1">4380</td></tr><tr class="passedeven"><td><a href="#m8">DeleteUserTestMethod7</a></td><td rowspan="1">1744392345323</td><td rowspan="1">4449</td></tr><tr class="passedodd"><td rowspan="6">tests.user.GetTests</td><td><a href="#m9">GetUserTestMethod1</a></td><td rowspan="1">1744392289644</td><td rowspan="1">2467</td></tr><tr class="passedodd"><td><a href="#m10">GetUserTestMethod3</a></td><td rowspan="1">1744392294818</td><td rowspan="1">2524</td></tr><tr class="passedodd"><td><a href="#m11">GetUserTestMethod4</a></td><td rowspan="1">1744392297348</td><td rowspan="1">3148</td></tr><tr class="passedodd"><td><a href="#m12">GetUserTestMethod5</a></td><td rowspan="1">1744392300499</td><td rowspan="1">2877</td></tr><tr class="passedodd"><td><a href="#m13">GetUserTestMethod6</a></td><td rowspan="1">1744392303380</td><td rowspan="1">3644</td></tr><tr class="passedodd"><td><a href="#m14">GetUserTestMethod7</a></td><td rowspan="1">1744392307028</td><td rowspan="1">3070</td></tr><tr class="passedeven"><td rowspan="6">tests.user.PostTests</td><td><a href="#m15">PostUserTestMethod1</a></td><td rowspan="1">1744392310106</td><td rowspan="1">2341</td></tr><tr class="passedeven"><td><a href="#m16">PostUserTestMethod2</a></td><td rowspan="1">1744392312454</td><td rowspan="1">1377</td></tr><tr class="passedeven"><td><a href="#m17">PostUserTestMethod3</a></td><td rowspan="1">1744392313838</td><td rowspan="1">1863</td></tr><tr class="passedeven"><td><a href="#m18">PostUserTestMethod4</a></td><td rowspan="1">1744392315707</td><td rowspan="1">2007</td></tr><tr class="passedeven"><td><a href="#m19">PostUserTestMethod6</a></td><td rowspan="1">1744392319202</td><td rowspan="1">1731</td></tr><tr class="passedeven"><td><a href="#m20">PostUserTestMethod7</a></td><td rowspan="1">1744392320936</td><td rowspan="1">1301</td></tr><tr class="passedodd"><td rowspan="7">tests.user.PutTests</td><td><a href="#m21">PutUserTestMethod1</a></td><td rowspan="1">1744392253085</td><td rowspan="1">8043</td></tr><tr class="passedodd"><td><a href="#m22">PutUserTestMethod2</a></td><td rowspan="1">1744392261167</td><td rowspan="1">6429</td></tr><tr class="passedodd"><td><a href="#m23">PutUserTestMethod3</a></td><td rowspan="1">1744392267606</td><td rowspan="1">8319</td></tr><tr class="passedodd"><td><a href="#m24">PutUserTestMethod4</a></td><td rowspan="1">1744392275928</td><td rowspan="1">2496</td></tr><tr class="passedodd"><td><a href="#m25">PutUserTestMethod5</a></td><td rowspan="1">1744392278432</td><td rowspan="1">3230</td></tr><tr class="passedodd"><td><a href="#m26">PutUserTestMethod6</a></td><td rowspan="1">1744392281669</td><td rowspan="1">5241</td></tr><tr class="passedodd"><td><a href="#m27">PutUserTestMethod7</a></td><td rowspan="1">1744392286925</td><td rowspan="1">2711</td></tr></tbody>
</table>
<h2>Test</h2><h3 id="m0">tests.user.DeleteTests#DeleteUserTestMethod1</h3><table class="result"><tr><th>Exception</th></tr><tr><td><div class="stacktrace">java.lang.AssertionError: Assertion 1
	at org.hamcrest.MatcherAssert.assertThat(MatcherAssert.java:26)
	at tests.user.DeleteTests.DeleteUserTestMethod1(DeleteTests.java:56)
	at java.base/java.util.ArrayList.forEach(ArrayList.java:1597)
... Removed 25 stack frames</div></td></tr></table><p class="totop"><a href="#summary">back to summary</a></p>
<h3 id="m1">tests.user.DeleteTests#DeleteUserTestMethod5</h3><table class="result"><tr><th>Exception</th></tr><tr><td><div class="stacktrace">io.restassured.path.json.exception.JsonPathException: Failed to parse the JSON document
	at io.restassured.path.json.JsonPath$ExceptionCatcher.invoke(JsonPath.java:1002)
	at io.restassured.path.json.JsonPath$4.doParseWith(JsonPath.java:967)
	at io.restassured.path.json.JsonPath$JsonParser.parseWith(JsonPath.java:1047)
	at io.restassured.path.json.JsonPath.toJsonString(JsonPath.java:1064)
	at io.restassured.path.json.JsonPath.prettify(JsonPath.java:685)
	at io.restassured.path.json.JsonPath.prettyPrint(JsonPath.java:700)
	at tests.user.DeleteTests.DeleteUserTestMethod5(DeleteTests.java:105)
	at java.base/java.util.ArrayList.forEach(ArrayList.java:1597)
Caused by: java.lang.IllegalArgumentException: The JSON input text should neither be null nor empty.
	at org.codehaus.groovy.runtime.callsite.ConstructorSite$ConstructorSiteNoUnwrapNoCoerce.callConstructor(ConstructorSite.java:108)
	at org.codehaus.groovy.runtime.callsite.CallSiteArray.defaultCallConstructor(CallSiteArray.java:57)
	at org.codehaus.groovy.runtime.callsite.AbstractCallSite.callConstructor(AbstractCallSite.java:263)
	at org.codehaus.groovy.runtime.callsite.AbstractCallSite.callConstructor(AbstractCallSite.java:277)
	at io.restassured.internal.path.json.ConfigurableJsonSlurper.parseText(ConfigurableJsonSlurper.groovy:80)
	at io.restassured.path.json.JsonPath$4$1.method(JsonPath.java:965)
	at io.restassured.path.json.JsonPath$ExceptionCatcher.invoke(JsonPath.java:1000)
	... 32 more
... Removed 29 stack frames</div></td></tr></table><p class="totop"><a href="#summary">back to summary</a></p>
<h3 id="m2">tests.user.GetTests#GetUserTestMethod2</h3><table class="result"><tr><th>Exception</th></tr><tr><td><div class="stacktrace">java.lang.AssertionError: 
Expected: is &lt;200&gt;
     but: was &lt;404&gt;
	at org.hamcrest.MatcherAssert.assertThat(MatcherAssert.java:20)
	at org.hamcrest.MatcherAssert.assertThat(MatcherAssert.java:6)
	at tests.user.GetTests.GetUserTestMethod2(GetTests.java:67)
	at java.base/java.util.ArrayList.forEach(ArrayList.java:1597)
... Removed 25 stack frames</div></td></tr></table><p class="totop"><a href="#summary">back to summary</a></p>
<h3 id="m3">tests.user.PostTests#PostUserTestMethod5</h3><table class="result"><tr><th>Exception</th></tr><tr><td><div class="stacktrace">java.lang.IllegalArgumentException: Schema to use cannot be null
	at io.restassured.module.jsv.JsonSchemaValidator.validateSchemaIsNotNull(JsonSchemaValidator.java:270)
	at io.restassured.module.jsv.JsonSchemaValidator.access$300(JsonSchemaValidator.java:75)
	at io.restassured.module.jsv.JsonSchemaValidator$JsonSchemaValidatorFactory.create(JsonSchemaValidator.java:281)
	at io.restassured.module.jsv.JsonSchemaValidator.matchesJsonSchema(JsonSchemaValidator.java:166)
	at io.restassured.module.jsv.JsonSchemaValidator.matchesJsonSchemaInClasspath(JsonSchemaValidator.java:117)
	at tests.user.PostTests.PostUserTestMethod5(PostTests.java:107)
	at java.base/java.util.ArrayList.forEach(ArrayList.java:1597)
... Removed 25 stack frames</div></td></tr></table><p class="totop"><a href="#summary">back to summary</a></p>
<h3 id="m4">tests.user.DeleteTests#DeleteUserTestMethod2</h3><table class="result"><tr><th class="invisible"/></tr></table><p class="totop"><a href="#summary">back to summary</a></p>
<h3 id="m5">tests.user.DeleteTests#DeleteUserTestMethod3</h3><table class="result"><tr><th class="invisible"/></tr></table><p class="totop"><a href="#summary">back to summary</a></p>
<h3 id="m6">tests.user.DeleteTests#DeleteUserTestMethod4</h3><table class="result"><tr><th class="invisible"/></tr></table><p class="totop"><a href="#summary">back to summary</a></p>
<h3 id="m7">tests.user.DeleteTests#DeleteUserTestMethod6</h3><table class="result"><tr><th class="invisible"/></tr></table><p class="totop"><a href="#summary">back to summary</a></p>
<h3 id="m8">tests.user.DeleteTests#DeleteUserTestMethod7</h3><table class="result"><tr><th class="invisible"/></tr></table><p class="totop"><a href="#summary">back to summary</a></p>
<h3 id="m9">tests.user.GetTests#GetUserTestMethod1</h3><table class="result"><tr><th class="invisible"/></tr></table><p class="totop"><a href="#summary">back to summary</a></p>
<h3 id="m10">tests.user.GetTests#GetUserTestMethod3</h3><table class="result"><tr><th class="invisible"/></tr></table><p class="totop"><a href="#summary">back to summary</a></p>
<h3 id="m11">tests.user.GetTests#GetUserTestMethod4</h3><table class="result"><tr><th class="invisible"/></tr></table><p class="totop"><a href="#summary">back to summary</a></p>
<h3 id="m12">tests.user.GetTests#GetUserTestMethod5</h3><table class="result"><tr><th class="invisible"/></tr></table><p class="totop"><a href="#summary">back to summary</a></p>
<h3 id="m13">tests.user.GetTests#GetUserTestMethod6</h3><table class="result"><tr><th class="invisible"/></tr></table><p class="totop"><a href="#summary">back to summary</a></p>
<h3 id="m14">tests.user.GetTests#GetUserTestMethod7</h3><table class="result"><tr><th class="invisible"/></tr></table><p class="totop"><a href="#summary">back to summary</a></p>
<h3 id="m15">tests.user.PostTests#PostUserTestMethod1</h3><table class="result"><tr><th class="invisible"/></tr></table><p class="totop"><a href="#summary">back to summary</a></p>
<h3 id="m16">tests.user.PostTests#PostUserTestMethod2</h3><table class="result"><tr><th class="invisible"/></tr></table><p class="totop"><a href="#summary">back to summary</a></p>
<h3 id="m17">tests.user.PostTests#PostUserTestMethod3</h3><table class="result"><tr><th class="invisible"/></tr></table><p class="totop"><a href="#summary">back to summary</a></p>
<h3 id="m18">tests.user.PostTests#PostUserTestMethod4</h3><table class="result"><tr><th class="invisible"/></tr></table><p class="totop"><a href="#summary">back to summary</a></p>
<h3 id="m19">tests.user.PostTests#PostUserTestMethod6</h3><table class="result"><tr><th class="invisible"/></tr></table><p class="totop"><a href="#summary">back to summary</a></p>
<h3 id="m20">tests.user.PostTests#PostUserTestMethod7</h3><table class="result"><tr><th class="invisible"/></tr></table><p class="totop"><a href="#summary">back to summary</a></p>
<h3 id="m21">tests.user.PutTests#PutUserTestMethod1</h3><table class="result"><tr><th class="invisible"/></tr></table><p class="totop"><a href="#summary">back to summary</a></p>
<h3 id="m22">tests.user.PutTests#PutUserTestMethod2</h3><table class="result"><tr><th class="invisible"/></tr></table><p class="totop"><a href="#summary">back to summary</a></p>
<h3 id="m23">tests.user.PutTests#PutUserTestMethod3</h3><table class="result"><tr><th class="invisible"/></tr></table><p class="totop"><a href="#summary">back to summary</a></p>
<h3 id="m24">tests.user.PutTests#PutUserTestMethod4</h3><table class="result"><tr><th class="invisible"/></tr></table><p class="totop"><a href="#summary">back to summary</a></p>
<h3 id="m25">tests.user.PutTests#PutUserTestMethod5</h3><table class="result"><tr><th class="invisible"/></tr></table><p class="totop"><a href="#summary">back to summary</a></p>
<h3 id="m26">tests.user.PutTests#PutUserTestMethod6</h3><table class="result"><tr><th class="invisible"/></tr></table><p class="totop"><a href="#summary">back to summary</a></p>
<h3 id="m27">tests.user.PutTests#PutUserTestMethod7</h3><table class="result"><tr><th class="invisible"/></tr></table><p class="totop"><a href="#summary">back to summary</a></p>
</body>
</html>
